<?xml version="1.0" encoding="UTF-8"?>
<!-- Generated by org.testng.reporters.JUnitReportReporter -->
<testsuite hostname="DESKTOP-5IO05LM" failures="0" tests="1" name="Testng.TestCase1" time="12.655" errors="0" timestamp="2021-03-26T21:22:18 IST" skipped="0">
  <testcase classname="Testng.TestCase1" name="login" time="12.655"/>
  <system-out>
Facebook – log in or sign up https://www.facebook.com/login/?privacy_mutation_token=eyJ0eXBlIjowLCJjcmVhdGlvbl90aW1lIjoxNjE2NzczODI4LCJjYWxsc2l0ZV9pZCI6MzgxMjI5MDc5NTc1OTQ2fQ%3D%3D  </system-out>
</testsuite> <!-- Testng.TestCase1 -->
